4415
4435
4447
4459
4471
4491
4515
4527
4539
4563
4595
4603
4611
4623
4639
4643
4651
4655
4679
4687
4695
4715
4743
4755
4771
4787
4799
4807
4859
4767
4771
4827
4839
4847
4851
4867
4791
4823
4827
4851
4855
4871
4899
4927
4947
4979
4987
5027
5043
5083
5103
5111
5151
5175
5227
5239
5259
5283
5299
5303
5315
5323
5331
5387
5395
5415
5439
5451
5471
5531
5535
5543
5555
5579
5615
5655
5663
5667
5679
5687
5699
5703
5811
5815
5847
5855
5923
5955
5979
5991
5995
6015
6071
6119
5939
5947
5967
5971
5995
6007
6103
6171
6183
6187
6191
6207
6211
Forcing mutation
5959
5975
5983
6063
6071
6075
6091
6111
6147
6211
6219
6231
6251
6271
6291
6323
6339
6343
Forcing mutation
6055
6059
6063
6079
6087
6103
6115
6123
6143
6147
6163
6271
6315
6319
6323
6363
Forcing mutation
6099
6155
6167
6187
6271
6363
Forcing mutation
6067
5819
5847
5855
6015
6031
6039
6059
6111
6119
6235
6243
6247
6255
6259
Forcing mutation
6015
6027
6035
6039
6063
6071
6075
6083
6091
6171
6183
6191
6195
6211
6227
6247
Forcing mutation
6051
6075
6099
6107
6151
6159
6171
6179
6187
6203
Forcing mutation
6171
6191
6203
Forcing mutation
5955
5975
6067
6083
6187
6203
Forcing mutation
5999
6007
6019
6023
6035
6051
6063
6107
6127
6183
6195
6199
6211
6219
6351
6367
6371
Forcing mutation
6187
6371
Forcing mutation
6159
6183
6299
6323
6335
6367
6371
6403
6159
6167
6199
6215
6403
Forcing mutation
6131
6143
6151
6319
6343
6355
6359
6387
6099
6103
6107
5827
5867
6035
6043
6107
6119
5839
5847
5851
5859
5867
5891
5923
5975
6063
6099
6103
6107
6111
6139
6155
6199
6235
6271
6335
6343
6371
Forcing mutation
6091
6099
5871
5895
6099
6107
6183
6211
6219
6239
6243
6315
6335
6339
6343
6355
6371
Forcing mutation
6335
6339
6367
6371
Forcing mutation
6159
6191
6207
6215
6227
6239
6247
6251
6255
6367
6387
6403
Forcing mutation
6163
6199
6251
6271
6303
Forcing mutation
6203
6211
6215
6227
6271
5983
5999
6019
6059
6091
6143
6171
6275
6375
6403
Forcing mutation
6107
6119
6131
6187
6191
6195
6211
6363
6403
Forcing mutation
6111
6115
6123
6167
6223
6267
6271
6303
Forcing mutation
6303
6311
6375
6387
6403
Forcing mutation
6143
6155
6203
6219
6223
6231
6263
6267
6383
6403
Forcing mutation
6275
6303
6403
Forcing mutation
6387
6403
Forcing mutation
6355
6367
6403
Forcing mutation
6155
6159
6171
6175
6355
6387
6403
Forcing mutation
6175
6347
6379
6383
6387
6399
6403
Forcing mutation
6159
6163
6179
6403
Forcing mutation
6199
6203
6387
6403
Forcing mutation
6111
6119
6123
6171
6319
6323
6331
6355
6359
6367
6399
6403
Forcing mutation
6159
6163
6167
6175
6199
6203
6211
6331
6343
6355
6379
Forcing mutation
6071
6075
6143
6187
6211
6363
6379
Forcing mutation
6083
6087
6095
6263
6267
6035
6039
6043
6047
6051
6091
6099
6111
6135
6171
6303
6307
6311
6335
6371
6387
6403
Forcing mutation
6351
6375
6395
Forcing mutation
6191
6287
6291
6299
6303
6311
6319
6335
6343
6351
6355
6359
Forcing mutation
6311
6319
6119
6151
6155
6159
6163
6167
6191
6195
6203
6215
6223
6335
6339
6363
6367
6379
Forcing mutation
6143
6175
6207
6223
6231
6347
6379
Forcing mutation
6191
6207
5919
5927
5931
5959
5963
5979
6047
5843
5875
5895
5915
5979
5927
5967
5971
5975
6019
6023
6079
6147
6155
6175
6215
6219
6247
6275
Forcing mutation
5991
6071
6083
6087
6091
6147
6159
6179
6183
6191
6215
6295
6063
6075
6083
6087
6135
6147
6123
6151
6155
6211
6343
6359
6363
6367
6403
Forcing mutation
6107
6115
6123
6127
6139
6151
6159
6167
5999
6031
6039
6091
6107
6203
6211
6219
6227
6259
6283
6387
6403
Forcing mutation
6131
6171
6183
5935
5939
5695
5735
5739
5755
5803
5807
5839
5843
5847
5859
5863
5887
5923
5927
5963
5967
6031
6039
5871
6039
6043
6211
6247
6267
6371
6375
6387
6403
Forcing mutation
6139
6143
6187
6215
6235
6243
6387
6403
Forcing mutation
6107
6115
6131
6135
6171
6175
6235
5959
5975
6003
6015
6023
6039
6051
6055
6063
6079
6227
6235
6331
6355
6367
6391
Forcing mutation
6119
6127
6131
6143
6155
6183
6191
6239
6363
6367
6375
6383
6403
6095
6099
6107
6115
6123
6155
6195
6211
6219
6223
6403
Forcing mutation
6211
6351
6363
6387
6403
Forcing mutation
6107
6123
6143
6151
6159
6187
6195
6203
6235
6243
6371
6387
6403
Forcing mutation
6167
6179
6183
6187
6219
6227
6335
6367
6403
Forcing mutation
6159
6227
6347
6399
6403
Forcing mutation
6123
6131
6139
6155
6187
5943
5995
6055
6199
6215
6327
6335
Forcing mutation
6127
6135
6139
6147
6151
6163
6175
6207
6231
6239
6255
6263
6359
6367
6403
Forcing mutation
6131
5947
5955
5971
6003
6011
6035
6063
6179
6203
6211
6215
6403
Forcing mutation
6355
6383
6339
6347
6355
6383
6387
Forcing mutation
6087
6095
5875
5895
5899
5939
5955
5963
6043
6095
6103
6107
6119
6123
6243
5975
5987
5999
6003
6011
6015
6019
6075
6083
6111
6115
6127
6135
6143
6159
5891
5899
5903
5915
5943
5951
5975
5983
5991
5999
6007
6019
6027
6031
6043
6063
6075
6163
6167
6203
6363
6379
Forcing mutation
6155
6163
6167
6171
6271
6279
6291
6319
6323
6327
6367
6371
6379
6395
6403
Forcing mutation
6107
6119
6127
6131
6135
6191
6251
6343
6367
6375
6403
Forcing mutation
6139
6171
6179
6323
6327
6131
6163
6179
6183
5931
5995
6003
6143
6171
6175
6203
6207
6223
6227
6291
6299
6319
6335
6375
6403
Forcing mutation
6247
6403
Forcing mutation
6343
6091
6115
6127
6279
6299
6335
6359
6395
6403
Forcing mutation
6335
6343
Forcing mutation
6151
6155
6163
6199
6291
6331
6335
6343
Forcing mutation
6199
6203
6207
6211
6219
6327
6331
6335
6343
Forcing mutation
6055
6083
6123
6127
6139
6175
6331
6335
6343
Forcing mutation
6087
6091
6099
6203
6207
6211
6215
6239
6259
6003
6027
6031
6035
6043
6223
6231
6251
5967
5975
5991
6131
6143
6147
6155
6163
6207
6347
6463
6483
6503
Forcing mutation
6235
6299
6307
6323
6327
6343
6375
6495
6503
Forcing mutation
6203
6207
6279
6287
6363
6475
6479
6487
6499
6507
6539
6555
Forcing mutation
6323
6335
6371
6383
6515
6563
Forcing mutation
6331
6355
6563
Forcing mutation
6323
6335
6439
6455
6459
6467
6471
6479
6507
6511
6515
6531
Forcing mutation
6231
6235
6239
6291
6295
6327
6331
6339
6375
6423
6531
Forcing mutation
6223
6531
Forcing mutation
6235
6243
6251
6435
6439
6175
6223
6235
6263
6267
6279
6283
6295
6311
6343
6347
6355
6471
6511
6291
6315
6323
6347
6351
6355
6503
6531
Forcing mutation
6231
6235
6271
6295
6299
6315
6379
6387
6435
6531
Forcing mutation
6263
6271
6335
6483
6503
6531
Forcing mutation
6247
6251
6259
6267
6275
6279
6007
6031
6047
6067
6075
6167
5919
5931
6047
6051
6055
6067
6083
6099
6231
6235
6251
6259
6263
6271
6275
6287
6323
6347
6351
6359
6391
6399
6479
6507
6539
6571
Forcing mutation
6271
6279
6291
6311
6327
6335
6339
6347
6507
Forcing mutation
6231
6235
6247
6263
6447
6451
6455
6459
6479
Forcing mutation
6235
6255
6263
6459
6479
Forcing mutation
6243
6283
6287
6391
6407
6435
6451
6495
6519
6523
6555
6563
Forcing mutation
6247
6255
6303
6307
6311
6323
6443
6479
6487
6495
6507
Forcing mutation
6235
6507
Forcing mutation
6227
6271
6311
6315
6355
6507
Forcing mutation
6227
6247
6275
6291
6331
6351
6355
6367
6387
6391
Forcing mutation
6099
6111
6151
6367
6391
Forcing mutation
6107
6223
6283
6295
6179
6187
6199
6203
6211
6295
6307
Forcing mutation
6131
6135
6151
6183
6215
6351
6355
6375
6383
6399
6127
6131
6159
6179
6195
6203
6251
6267
6271
6287
6291
6295
6387
6391
Forcing mutation
6131
6147
6151
6159
6167
6187
6191
6219
6371
6383
6391
Forcing mutation
6147
6219
6227
6235
6283
6287
6311
6371
6375
6391
Forcing mutation
6219
6227
6239
6255
6259
Forcing mutation
6091
6095
6111
6183
6195
6215
6027
6035
6119
6127
6147
6151
6159
6171
6199
6207
6211
6259
Forcing mutation
5979
5983
6011
6015
6039
6043
6047
6119
6127
6139
6151
6155
6163
6187
6191
6211
Forcing mutation
6159
6191
6211
Forcing mutation
5975
5991
6007
6015
6023
5763
5775
5871
5879
5899
5903
5911
5943
5971
5975
6027
6039
6163
6171
6175
6191
6215
